Using pre-set license
Built from '2020.3/staging' branch; Version is '2020.3.5f1 (8095aa901b9b) revision 8426922'; Using compiler version '192528614'; Build Type 'Release'
OS: 'Windows 10 Home; OS build 19042.1237; Version 2009; 64bit' Language: 'ko' Physical Memory: 32632 MB
BatchMode: 1, IsHumanControllingUs: 0, StartBugReporterOnCrash: 0, Is64bit: 1, IsPro: 0

 COMMAND LINE ARGUMENTS:
C:\Program Files\Unity\Hub\Editor\2020.3.5f1\Editor\Unity.exe
-adb2
-batchMode
-noUpm
-name
AssetImportWorker0
-projectPath
C:/Users/creat/Desktop/Github/Procedural_Map_Generation_1/MapGeneration
-logFile
Logs/AssetImportWorker0.log
-srvPort
5776
Successfully changed project path to: C:/Users/creat/Desktop/Github/Procedural_Map_Generation_1/MapGeneration
C:/Users/creat/Desktop/Github/Procedural_Map_Generation_1/MapGeneration
Using Asset Import Pipeline V2.
Refreshing native plugins compatible for Editor in 16.82 ms, found 0 plugins.
Preloading 0 native plugins for Editor in 0.00 ms.
Initialize engine version: 2020.3.5f1 (8095aa901b9b)
[Subsystems] Discovering subsystems at path C:/Program Files/Unity/Hub/Editor/2020.3.5f1/Editor/Data/Resources/UnitySubsystems
[Subsystems] Discovering subsystems at path C:/Users/creat/Desktop/Github/Procedural_Map_Generation_1/MapGeneration/Assets
GfxDevice: creating device client; threaded=0
Direct3D:
    Version:  Direct3D 11.0 [level 11.1]
    Renderer: NVIDIA GeForce RTX 3080 (ID=0x2206)
    Vendor:   
    VRAM:     10078 MB
    Driver:   30.0.14.7141
Initialize mono
Mono path[0] = 'C:/Program Files/Unity/Hub/Editor/2020.3.5f1/Editor/Data/Managed'
Mono path[1] = 'C:/Program Files/Unity/Hub/Editor/2020.3.5f1/Editor/Data/MonoBleedingEdge/lib/mono/unityjit'
Mono config path = 'C:/Program Files/Unity/Hub/Editor/2020.3.5f1/Editor/Data/MonoBleedingEdge/etc'
Using monoOptions --debugger-agent=transport=dt_socket,embedding=1,server=y,suspend=n,address=127.0.0.1:56392
Begin MonoManager ReloadAssembly
Registering precompiled unity dll's ...
Register platform support module: C:/Program Files/Unity/Hub/Editor/2020.3.5f1/Editor/Data/PlaybackEngines/WindowsStandaloneSupport/UnityEditor.WindowsStandalone.Extensions.dll
Registered in 0.001915 seconds.
Native extension for WindowsStandalone target not found
Refreshing native plugins compatible for Editor in 17.58 ms, found 0 plugins.
Preloading 0 native plugins for Editor in 0.00 ms.
Mono: successfully reloaded assembly
- Completed reload, in  1.507 seconds
Platform modules already initialized, skipping
Registering precompiled user dll's ...
Registered in 0.000554 seconds.
Begin MonoManager ReloadAssembly
Native extension for WindowsStandalone target not found
Refreshing native plugins compatible for Editor in 0.17 ms, found 0 plugins.
Preloading 0 native plugins for Editor in 0.00 ms.
Mono: successfully reloaded assembly
- Completed reload, in  0.604 seconds
Platform modules already initialized, skipping
========================================================================
Worker process is ready to serve import requests
Launched and connected shader compiler UnityShaderCompiler.exe after 0.03 seconds
Refreshing native plugins compatible for Editor in 0.16 ms, found 0 plugins.
Preloading 0 native plugins for Editor in 0.00 ms.
Unloading 1126 Unused Serialized files (Serialized files now loaded: 0)
System memory in use before: 57.3 MB.
System memory in use after: 57.3 MB.

Unloading 10 unused Assets to reduce memory usage. Loaded Objects now: 1568.
Total: 1.339100 ms (FindLiveObjects: 0.101800 ms CreateObjectMapping: 0.031900 ms MarkObjects: 1.153800 ms  DeleteObjects: 0.050900 ms)

========================================================================
Received Import Request.
  path: Assets/MapGenerarion
  artifactKey: Guid(ac8807c6984a093478c77278244f06a0) Importer(815301076,1909f56bfc062723c751e8b465ee728b)
Start importing Assets/MapGenerarion using Guid(ac8807c6984a093478c77278244f06a0) Importer(815301076,1909f56bfc062723c751e8b465ee728b)  -> (artifact id: 'a1452e3f78395c23a2c4e9115dfec19f') in 0.006090 seconds
  Import took 0.007541 seconds .

========================================================================
Received Import Request.
  Time since last request: 0.038389 seconds.
  path: Assets/MapGenerarion/box.png
  artifactKey: Guid(a7bcb75b18c3bb04f89e0fefe5ecfc63) Importer(815301076,1909f56bfc062723c751e8b465ee728b)
Start importing Assets/MapGenerarion/box.png using Guid(a7bcb75b18c3bb04f89e0fefe5ecfc63) Importer(815301076,1909f56bfc062723c751e8b465ee728b)  -> (artifact id: '03b70b900cc1246fb607368b4884aec0') in 0.069268 seconds
  Import took 0.070709 seconds .

========================================================================
Received Import Request.
  Time since last request: 0.866321 seconds.
  path: Assets/MapGenerarion/MapGeneration.unity
  artifactKey: Guid(f420c43217ee6694db2e6b57a3b3be34) Importer(815301076,1909f56bfc062723c751e8b465ee728b)
Start importing Assets/MapGenerarion/MapGeneration.unity using Guid(f420c43217ee6694db2e6b57a3b3be34) Importer(815301076,1909f56bfc062723c751e8b465ee728b)  -> (artifact id: 'd5d22b0fdd9625021caf8026b111b98d') in 0.004975 seconds
  Import took 0.006441 seconds .

AssetImportWorkerClient::OnTransportError - code=2 error=End of file
